FILE_TYPE=LIBRARY_PARTS;
PRIMITIVE 'CRA2512_FZ_R050ELF','CRA2512_FZ_R050ELF_Resistor Chip';
  PIN
    '1':
      PIN_NUMBER='(1)';
      NO_LOAD_CHECK=BOTH;
      NO_IO_CHECK=BOTH;
      ALLOW_CONNECT=TRUE;
      PINUSE='UNSPEC';
    '2':
      PIN_NUMBER='(2)';
      NO_LOAD_CHECK=BOTH;
      NO_IO_CHECK=BOTH;
      ALLOW_CONNECT=TRUE;
      PINUSE='UNSPEC';
  END_PIN;
  BODY
    PART_NAME='CRA2512_FZ_R050ELF';
    PHYS_DES_PREFIX='R';
    NO_LOAD_CHECK='TRUE';
    PIN_COUNT='2';
    BODY_NAME='CRA2512_FZ_R050ELF';
    JEDEC_TYPE='RESC6434X90N';
  END_BODY;
END_PRIMITIVE;
END.
