FILE_TYPE=LIBRARY_PARTS;
PRIMITIVE 'ADS12B3_ASARH','ADS12B3_ASARH_Other';
  PIN
    'K':
      PIN_NUMBER='(1)';
      NO_LOAD_CHECK=BOTH;
      NO_IO_CHECK=BOTH;
      ALLOW_CONNECT=TRUE;
      PINUSE='UNSPEC';
    'A':
      PIN_NUMBER='(2)';
      NO_LOAD_CHECK=BOTH;
      NO_IO_CHECK=BOTH;
      ALLOW_CONNECT=TRUE;
      PINUSE='UNSPEC';
  END_PIN;
  BODY
    PART_NAME='ADS12B3_ASARH';
    PHYS_DES_PREFIX='D';
    NO_LOAD_CHECK='TRUE';
    PIN_COUNT='2';
    BODY_NAME='ADS12B3_ASARH';
    JEDEC_TYPE='ADS12B3ASARH';
  END_BODY;
END_PRIMITIVE;
END.
